SELECT pt_histogram_intervals('2012/2020','P1Y');
                 pt_histogram_intervals                  
---------------------------------------------------------
 CAL0012012-01-01T00:00:00.000Z/2013-01-01T00:00:00.000Z
 CAL0012013-01-01T00:00:00.000Z/2014-01-01T00:00:00.000Z
 CAL0012014-01-01T00:00:00.000Z/2015-01-01T00:00:00.000Z
 CAL0012015-01-01T00:00:00.000Z/2016-01-01T00:00:00.000Z
 CAL0012016-01-01T00:00:00.000Z/2017-01-01T00:00:00.000Z
 CAL0012017-01-01T00:00:00.000Z/2018-01-01T00:00:00.000Z
 CAL0012018-01-01T00:00:00.000Z/2019-01-01T00:00:00.000Z
 CAL0012019-01-01T00:00:00.000Z/2020-01-01T00:00:00.000Z
 CAL0012020-01-01T00:00:00.000Z/2021-01-01T00:00:00.000Z
(9 rows)

SELECT pt_histogram_intervals('2012-3-5/2020-8-5','P1Y');
                 pt_histogram_intervals                  
---------------------------------------------------------
 CAL0012012-01-01T00:00:00.000Z/2013-01-01T00:00:00.000Z
 CAL0012013-01-01T00:00:00.000Z/2014-01-01T00:00:00.000Z
 CAL0012014-01-01T00:00:00.000Z/2015-01-01T00:00:00.000Z
 CAL0012015-01-01T00:00:00.000Z/2016-01-01T00:00:00.000Z
 CAL0012016-01-01T00:00:00.000Z/2017-01-01T00:00:00.000Z
 CAL0012017-01-01T00:00:00.000Z/2018-01-01T00:00:00.000Z
 CAL0012018-01-01T00:00:00.000Z/2019-01-01T00:00:00.000Z
 CAL0012019-01-01T00:00:00.000Z/2020-01-01T00:00:00.000Z
 CAL0012020-01-01T00:00:00.000Z/2021-01-01T00:00:00.000Z
(9 rows)

SELECT pt_histogram_intervals('2012-3-5/2020-8-5','P1Y6M');
                 pt_histogram_intervals                  
---------------------------------------------------------
 CAL0012012-03-01T00:00:00.000Z/2013-09-01T00:00:00.000Z
 CAL0012013-09-01T00:00:00.000Z/2015-03-01T00:00:00.000Z
 CAL0012015-03-01T00:00:00.000Z/2016-09-01T00:00:00.000Z
 CAL0012016-09-01T00:00:00.000Z/2018-03-01T00:00:00.000Z
 CAL0012018-03-01T00:00:00.000Z/2019-09-01T00:00:00.000Z
 CAL0012019-09-01T00:00:00.000Z/2021-03-01T00:00:00.000Z
(6 rows)

